<?xml version="1.0" encoding="UTF-8"?>
<!-- Generated by org.testng.reporters.JUnitXMLReporter -->
<testsuite ignored="2" hostname="DESKTOP-84LR872" failures="0" tests="2" name="PckgTest" time="0.174" errors="0" timestamp="2024-06-12T19:31:13 EEST">
  <testcase classname="TestNGTopics.TestGroups" name="testcase1" time="0.003"/>
  <testcase classname="TestNGTopics.TestGroups" name="testcase3" time="0.002"/>
  <testcase classname="TestNGTopics.TestGroups" name="testcase2" time="0.0">
    <ignored/>
  </testcase> <!-- testcase2 -->
  <testcase classname="TestNGTopics.TestGroups" name="testcaseFailing" time="0.0">
    <ignored/>
  </testcase> <!-- testcaseFailing -->
</testsuite> <!-- PckgTest -->
